CONFIG
├── datamodule
│   └── _target_: src.datamodules.colon_feature_datamodule.ColonDataModule                                                                                                                                                                                                                             
│       data_dir: /home/compu/jh/project/colon_compare/scripts/data/                                                                                                                                                                                                                                   
│       batch_size: 16                                                                                                                                                                                                                                                                                 
│       num_workers: 8                                                                                                                                                                                                                                                                                 
│       pin_memory: true                                                                                                                                                                                                                                                                               
│       img_size: 384                                                                                                                                                                                                                                                                                  
│       drop_last: false                                                                                                                                                                                                                                                                               
│       data_name: colon                                                                                                                                                                                                                                                                               
│                                                                                                                                                                                                                                                                                                      
├── model
│   └── _target_: src.models.save_features_module.SaveFeaturesLitModule                                                                                                                                                                                                                                
│       name: vit_large_r50_s32_384                                                                                                                                                                                                                                                                    
│       lr: 0.0001                                                                                                                                                                                                                                                                                     
│       pretrained: true                                                                                                                                                                                                                                                                               
│       module_type: savefeatures                                                                                                                                                                                                                                                                      
│                                                                                                                                                                                                                                                                                                      
├── callbacks
│   └── rich_progress_bar:                                                                                                                                                                                                                                                                             
│         _target_: pytorch_lightning.callbacks.RichProgressBar                                                                                                                                                                                                                                        
│         theme:                                                                                                                                                                                                                                                                                       
│           _target_: pytorch_lightning.callbacks.progress.rich_progress.RichProgressBarTheme                                                                                                                                                                                                          
│           description: green_yellow                                                                                                                                                                                                                                                                  
│           progress_bar: green1                                                                                                                                                                                                                                                                       
│           progress_bar_finished: green1                                                                                                                                                                                                                                                              
│           progress_bar_pulse: '#6206E0'                                                                                                                                                                                                                                                              
│           batch_progress: green_yellow                                                                                                                                                                                                                                                               
│           time: grey82                                                                                                                                                                                                                                                                               
│           processing_speed: grey82                                                                                                                                                                                                                                                                   
│           metrics: grey82                                                                                                                                                                                                                                                                            
│                                                                                                                                                                                                                                                                                                      
├── logger
│   └── {}                                                                                                                                                                                                                                                                                             
│                                                                                                                                                                                                                                                                                                      
├── trainer
│   └── _target_: pytorch_lightning.Trainer                                                                                                                                                                                                                                                            
│       accelerator: gpu                                                                                                                                                                                                                                                                               
│       devices: '6'                                                                                                                                                                                                                                                                                   
│       min_epochs: 1                                                                                                                                                                                                                                                                                  
│       max_epochs: 100                                                                                                                                                                                                                                                                                
│       precision: 16                                                                                                                                                                                                                                                                                  
│       num_sanity_val_steps: 2                                                                                                                                                                                                                                                                        
│       resume_from_checkpoint: null                                                                                                                                                                                                                                                                   
│       deterministic: true                                                                                                                                                                                                                                                                            
│                                                                                                                                                                                                                                                                                                      
├── original_work_dir
│   └── /home/compu/jh/project/colon_compare/scripts                                                                                                                                                                                                                                                   
├── data_dir
│   └── /home/compu/jh/project/colon_compare/scripts/data/                                                                                                                                                                                                                                             
├── print_config
│   └── True                                                                                                                                                                                                                                                                                           
├── ignore_warnings
│   └── True                                                                                                                                                                                                                                                                                           
├── seed
│   └── 42                                                                                                                                                                                                                                                                                             
├── name
│   └── default                                                                                                                                                                                                                                                                                        
└── ckpt_path
    └── /home/compu/jh/project/colon_compare/scripts/logs/experiments/runs/colon/classifycompare/2022-08-01_18-07-45/checkpoints/epoch_008.ckpt                                                                                                                                                        
